2025-04-08 11:54:09,565 INFO: Début de l'upload [in /Users/nadimbenkrouidem/Desktop/git_MSPR_6.1/python_file/app.py:188]
2025-04-08 11:54:09,584 ERROR: Erreur générale : 413 Request Entity Too Large: The data value transmitted exceeds the capacity limit. [in /Users/nadimbenkrouidem/Desktop/git_MSPR_6.1/python_file/app.py:256]
2025-04-08 11:54:09,874 INFO: Début de l'upload [in /Users/nadimbenkrouidem/Desktop/git_MSPR_6.1/python_file/app.py:188]
2025-04-08 11:54:09,879 ERROR: Erreur générale : 413 Request Entity Too Large: The data value transmitted exceeds the capacity limit. [in /Users/nadimbenkrouidem/Desktop/git_MSPR_6.1/python_file/app.py:256]
2025-04-08 11:54:10,132 INFO: Début de l'upload [in /Users/nadimbenkrouidem/Desktop/git_MSPR_6.1/python_file/app.py:188]
2025-04-08 11:54:10,134 ERROR: Erreur générale : 413 Request Entity Too Large: The data value transmitted exceeds the capacity limit. [in /Users/nadimbenkrouidem/Desktop/git_MSPR_6.1/python_file/app.py:256]
2025-04-08 11:54:10,545 INFO: Début de l'upload [in /Users/nadimbenkrouidem/Desktop/git_MSPR_6.1/python_file/app.py:188]
2025-04-08 11:54:10,550 ERROR: Erreur générale : 413 Request Entity Too Large: The data value transmitted exceeds the capacity limit. [in /Users/nadimbenkrouidem/Desktop/git_MSPR_6.1/python_file/app.py:256]
2025-04-08 11:54:10,825 INFO: Début de l'upload [in /Users/nadimbenkrouidem/Desktop/git_MSPR_6.1/python_file/app.py:188]
2025-04-08 11:54:10,827 ERROR: Erreur générale : 413 Request Entity Too Large: The data value transmitted exceeds the capacity limit. [in /Users/nadimbenkrouidem/Desktop/git_MSPR_6.1/python_file/app.py:256]
2025-04-08 11:54:11,257 INFO: Début de l'upload [in /Users/nadimbenkrouidem/Desktop/git_MSPR_6.1/python_file/app.py:188]
2025-04-08 11:54:11,258 ERROR: Erreur générale : 413 Request Entity Too Large: The data value transmitted exceeds the capacity limit. [in /Users/nadimbenkrouidem/Desktop/git_MSPR_6.1/python_file/app.py:256]
2025-04-08 11:54:11,757 INFO: Début de l'upload [in /Users/nadimbenkrouidem/Desktop/git_MSPR_6.1/python_file/app.py:188]
2025-04-08 11:54:11,764 ERROR: Erreur générale : 413 Request Entity Too Large: The data value transmitted exceeds the capacity limit. [in /Users/nadimbenkrouidem/Desktop/git_MSPR_6.1/python_file/app.py:256]
2025-04-08 11:56:14,381 INFO: Démarrage de l'application [in /Users/nadimbenkrouidem/Desktop/git_MSPR_6.1/python_file/app.py:71]
2025-04-08 11:56:22,944 INFO: Connexion réussie pour l'utilisateur: nadim.benkrouidem@gmail.com [in /Users/nadimbenkrouidem/Desktop/git_MSPR_6.1/python_file/app.py:115]
2025-04-08 11:56:31,535 INFO: Début de l'upload [in /Users/nadimbenkrouidem/Desktop/git_MSPR_6.1/python_file/app.py:188]
2025-04-08 11:56:31,541 INFO: Upload vers UserImg/nadim.benkrouidem_at_gmail.com [in /Users/nadimbenkrouidem/Desktop/git_MSPR_6.1/python_file/app.py:210]
2025-04-08 11:56:31,952 INFO: Analyse de l'image avec l'IA [in /Users/nadimbenkrouidem/Desktop/git_MSPR_6.1/python_file/app.py:229]
2025-04-08 11:56:32,227 INFO: Animal identifié: Rat avec une confiance de 0.837 [in /Users/nadimbenkrouidem/Desktop/git_MSPR_6.1/python_file/app.py:245]
2025-04-08 11:57:40,175 INFO: Début de l'upload [in /Users/nadimbenkrouidem/Desktop/git_MSPR_6.1/python_file/app.py:188]
2025-04-08 11:57:40,180 INFO: Upload vers UserImg/nadim.benkrouidem_at_gmail.com [in /Users/nadimbenkrouidem/Desktop/git_MSPR_6.1/python_file/app.py:210]
2025-04-08 11:57:40,495 INFO: Analyse de l'image avec l'IA [in /Users/nadimbenkrouidem/Desktop/git_MSPR_6.1/python_file/app.py:229]
2025-04-08 11:57:40,628 INFO: Animal identifié: Castor avec une confiance de 0.9209999999999999 [in /Users/nadimbenkrouidem/Desktop/git_MSPR_6.1/python_file/app.py:245]
